<?xml version="1.0" encoding="UTF-8"?>
<testsuite name="appiumTests" tests="1" skipped="0" failures="0" errors="0" timestamp="2020-01-22T13:31:34" hostname="EPBYMINW7493" time="76.541">
  <properties/>
  <testcase name="testLoginPage" classname="appiumTests" time="76.541"/>
  <system-out><![CDATA[Unsuccessful login with incorrect credentials
Successful login with correct credentials
]]></system-out>
  <system-err><![CDATA[Jan 22, 2020 4:32:12 PM io.appium.java_client.remote.AppiumCommandExecutor$1 lambda$0
INFO: Detected dialect: W3C
]]></system-err>
</testsuite>
